Determining if the pthread_create exist failed with the following output:
Change Dir: /home/cnx/Documents/VIBOT/III/RoboticsProject/orbSlam2LSMap/ORB_SLAM2/Examples/ROS/ORB_SLAM2/build/CMakeFiles/CMakeTmp

Run Build Command:"/usr/bin/make" "cmTryCompileExec4025392909/fast"
/usr/bin/make -f CMakeFiles/cmTryCompileExec4025392909.dir/build.make CMakeFiles/cmTryCompileExec4025392909.dir/build
make[1]: Entering directory `/home/cnx/Documents/VIBOT/III/RoboticsProject/orbSlam2LSMap/ORB_SLAM2/Examples/ROS/ORB_SLAM2/build/CMakeFiles/CMakeTmp'
/usr/bin/cmake -E cmake_progress_report /home/cnx/Documents/VIBOT/III/RoboticsProject/orbSlam2LSMap/ORB_SLAM2/Examples/ROS/ORB_SLAM2/build/CMakeFiles/CMakeTmp/CMakeFiles 1
Building C object CMakeFiles/cmTryCompileExec4025392909.dir/CheckSymbolExists.c.o
/usr/bin/cc    -o CMakeFiles/cmTryCompileExec4025392909.dir/CheckSymbolExists.c.o   -c /home/cnx/Documents/VIBOT/III/RoboticsProject/orbSlam2LSMap/ORB_SLAM2/Examples/ROS/ORB_SLAM2/build/CMakeFiles/CMakeTmp/CheckSymbolExists.c
Linking C executable cmTryCompileExec4025392909
/usr/bin/cmake -E cmake_link_script CMakeFiles/cmTryCompileExec4025392909.dir/link.txt --verbose=1
/usr/bin/cc       CMakeFiles/cmTryCompileExec4025392909.dir/CheckSymbolExists.c.o  -o cmTryCompileExec4025392909 -rdynamic 
CMakeFiles/cmTryCompileExec4025392909.dir/CheckSymbolExists.c.o: In function `main':
CheckSymbolExists.c:(.text+0x16): undefined reference to `pthread_create'
collect2: error: ld returned 1 exit status
make[1]: Leaving directory `/home/cnx/Documents/VIBOT/III/RoboticsProject/orbSlam2LSMap/ORB_SLAM2/Examples/ROS/ORB_SLAM2/build/CMakeFiles/CMakeTmp'
make[1]: *** [cmTryCompileExec4025392909] Error 1
make: *** [cmTryCompileExec4025392909/fast] Error 2

File /home/cnx/Documents/VIBOT/III/RoboticsProject/orbSlam2LSMap/ORB_SLAM2/Examples/ROS/ORB_SLAM2/build/CMakeFiles/CMakeTmp/CheckSymbolExists.c:
/* */
#include <pthread.h>

int main(int argc, char** argv)
{
  (void)argv;
#ifndef pthread_create
  return ((int*)(&pthread_create))[argc];
#else
  (void)argc;
  return 0;
#endif
}

Determining if the function pthread_create exists in the pthreads failed with the following output:
Change Dir: /home/cnx/Documents/VIBOT/III/RoboticsProject/orbSlam2LSMap/ORB_SLAM2/Examples/ROS/ORB_SLAM2/build/CMakeFiles/CMakeTmp

Run Build Command:"/usr/bin/make" "cmTryCompileExec3884504901/fast"
/usr/bin/make -f CMakeFiles/cmTryCompileExec3884504901.dir/build.make CMakeFiles/cmTryCompileExec3884504901.dir/build
make[1]: Entering directory `/home/cnx/Documents/VIBOT/III/RoboticsProject/orbSlam2LSMap/ORB_SLAM2/Examples/ROS/ORB_SLAM2/build/CMakeFiles/CMakeTmp'
/usr/bin/cmake -E cmake_progress_report /home/cnx/Documents/VIBOT/III/RoboticsProject/orbSlam2LSMap/ORB_SLAM2/Examples/ROS/ORB_SLAM2/build/CMakeFiles/CMakeTmp/CMakeFiles 1
Building C object CMakeFiles/cmTryCompileExec3884504901.dir/CheckFunctionExists.c.o
/usr/bin/cc   -DCHECK_FUNCTION_EXISTS=pthread_create   -o CMakeFiles/cmTryCompileExec3884504901.dir/CheckFunctionExists.c.o   -c /usr/share/cmake-3.2/Modules/CheckFunctionExists.c
Linking C executable cmTryCompileExec3884504901
/usr/bin/cmake -E cmake_link_script CMakeFiles/cmTryCompileExec3884504901.dir/link.txt --verbose=1
/usr/bin/cc   -DCHECK_FUNCTION_EXISTS=pthread_create    CMakeFiles/cmTryCompileExec3884504901.dir/CheckFunctionExists.c.o  -o cmTryCompileExec3884504901 -rdynamic -lpthreads 
/usr/bin/ld: cannot find -lpthreads
collect2: error: ld returned 1 exit status
make[1]: *** [cmTryCompileExec3884504901] Error 1
make[1]: Leaving directory `/home/cnx/Documents/VIBOT/III/RoboticsProject/orbSlam2LSMap/ORB_SLAM2/Examples/ROS/ORB_SLAM2/build/CMakeFiles/CMakeTmp'
make: *** [cmTryCompileExec3884504901/fast] Error 2


